<?xml version="1.0" encoding="utf-8"?><testsuites name="pytest tests"><testsuite name="pytest" errors="0" failures="1" skipped="0" tests="33" time="4.144" timestamp="2026-04-25T20:23:13.139017+00:00" hostname="agent-env-5751a978-9d89-49ee-bae5-786f57ef2f69"><testcase classname="backend.tests.backend_test" name="test_root" time="0.246" /><testcase classname="backend.tests.backend_test" name="test_otp_send" time="0.047" /><testcase classname="backend.tests.backend_test" name="test_otp_verify_success" time="0.047" /><testcase classname="backend.tests.backend_test" name="test_otp_verify_wrong" time="0.046" /><testcase classname="backend.tests.backend_test" name="test_login_admin" time="0.270" /><testcase classname="backend.tests.backend_test" name="test_login_tech" time="0.268" /><testcase classname="backend.tests.backend_test" name="test_login_wrong" time="0.266" /><testcase classname="backend.tests.backend_test" name="test_auth_me" time="0.105" /><testcase classname="backend.tests.backend_test" name="test_devices_customer" time="0.050" /><testcase classname="backend.tests.backend_test" name="test_rooms_customer" time="0.046" /><testcase classname="backend.tests.backend_test" name="test_scenes" time="0.048" /><testcase classname="backend.tests.backend_test" name="test_device_command" time="0.111" /><testcase classname="backend.tests.backend_test" name="test_scene_execute" time="0.096" /><testcase classname="backend.tests.backend_test" name="test_notifications" time="0.048" /><testcase classname="backend.tests.backend_test" name="test_jobs_tech" time="0.046" /><testcase classname="backend.tests.backend_test" name="test_job_detail_and_patch" time="0.143" /><testcase classname="backend.tests.backend_test" name="test_tickets_customer_list" time="0.047" /><testcase classname="backend.tests.backend_test" name="test_create_ticket" time="0.053" /><testcase classname="backend.tests.backend_test" name="test_patch_ticket_admin" time="0.097" /><testcase classname="backend.tests.backend_test" name="test_leads_admin" time="0.047" /><testcase classname="backend.tests.backend_test" name="test_leads_customer_403" time="0.050" /><testcase classname="backend.tests.backend_test" name="test_customers_admin" time="0.050" /><testcase classname="backend.tests.backend_test" name="test_customers_customer_403" time="0.049" /><testcase classname="backend.tests.backend_test" name="test_inventory_admin" time="0.046" /><testcase classname="backend.tests.backend_test" name="test_inventory_customer_403" time="0.044" /><testcase classname="backend.tests.backend_test" name="test_invoices" time="0.053" /><testcase classname="backend.tests.backend_test" name="test_amc" time="0.046" /><testcase classname="backend.tests.backend_test" name="test_analytics_overview" time="0.049" /><testcase classname="backend.tests.backend_test" name="test_energy_summary" time="0.047" /><testcase classname="backend.tests.backend_test" name="test_checkout_session" time="0.669" /><testcase classname="backend.tests.backend_test" name="test_checkout_status" time="0.633"><failure message="assert 500 == 200&#10; +  where 500 = &lt;Response [500]&gt;.status_code">backend/tests/backend_test.py:254: in test_checkout_status
    assert r2.status_code == 200
E   assert 500 == 200
E    +  where 500 = &lt;Response [500]&gt;.status_code</failure></testcase><testcase classname="backend.tests.backend_test" name="test_chat_threads_admin" time="0.049" /><testcase classname="backend.tests.backend_test" name="test_chat_post" time="0.048" /></testsuite></testsuites>